<?xml version="1.0" encoding="utf-8"?><testsuites name="pytest tests"><testsuite name="pytest" errors="0" failures="0" skipped="0" tests="20" time="2.085" timestamp="2026-04-23T08:50:31.371273+00:00" hostname="agent-env-c8390e20-9992-4e7b-80c1-e7f8d9b95245"><testcase classname="tests.test_pcs_api" name="test_health" time="0.149" /><testcase classname="tests.test_pcs_api" name="test_auth_me_with_bearer" time="0.053" /><testcase classname="tests.test_pcs_api" name="test_auth_me_without_token_401" time="0.048" /><testcase classname="tests.test_pcs_api" name="test_auth_me_invalid_token_401" time="0.047" /><testcase classname="tests.test_pcs_api" name="test_list_events_seeded" time="0.048" /><testcase classname="tests.test_pcs_api" name="test_get_event_by_id" time="0.100" /><testcase classname="tests.test_pcs_api" name="test_get_event_404" time="0.049" /><testcase classname="tests.test_pcs_api" name="test_list_photos_empty_or_array" time="0.101" /><testcase classname="tests.test_pcs_api" name="test_create_event_rejected_without_auth" time="0.047" /><testcase classname="tests.test_pcs_api" name="test_upload_photos_rejected_without_auth" time="0.104" /><testcase classname="tests.test_pcs_api" name="test_delete_event_rejected_without_auth" time="0.088" /><testcase classname="tests.test_pcs_api.TestAdminLifecycle" name="test_01_create_event" time="0.111" /><testcase classname="tests.test_pcs_api.TestAdminLifecycle" name="test_02_upload_photos" time="0.117" /><testcase classname="tests.test_pcs_api.TestAdminLifecycle" name="test_03_add_tag_public" time="0.172" /><testcase classname="tests.test_pcs_api.TestAdminLifecycle" name="test_04_add_tag_validation_empty" time="0.133" /><testcase classname="tests.test_pcs_api.TestAdminLifecycle" name="test_05_add_tag_invalid_photo_404" time="0.132" /><testcase classname="tests.test_pcs_api.TestAdminLifecycle" name="test_06_delete_photo_admin" time="0.103" /><testcase classname="tests.test_pcs_api.TestAdminLifecycle" name="test_07_delete_photo_rejected_no_auth" time="0.048" /><testcase classname="tests.test_pcs_api.TestAdminLifecycle" name="test_08_delete_event_cascades" time="0.204" /><testcase classname="tests.test_pcs_api" name="test_logout_with_bearer_deletes_session" time="0.145" /></testsuite></testsuites>