<?xml version="1.0" encoding="utf-8"?><testsuites name="pytest tests"><testsuite name="pytest" errors="0" failures="0" skipped="0" tests="27" time="2.094" timestamp="2026-04-23T10:36:37.788709+00:00" hostname="agent-env-c8390e20-9992-4e7b-80c1-e7f8d9b95245"><testcase classname="backend.tests.test_pcs_v2" name="test_entries_list_all" time="0.271" /><testcase classname="backend.tests.test_pcs_v2" name="test_entries_filter_soiree" time="0.048" /><testcase classname="backend.tests.test_pcs_v2" name="test_entries_filter_workshop" time="0.046" /><testcase classname="backend.tests.test_pcs_v2" name="test_entries_filter_festival" time="0.046" /><testcase classname="backend.tests.test_pcs_v2" name="test_entries_filter_invalid_type_400" time="0.045" /><testcase classname="backend.tests.test_pcs_v2" name="test_entries_get_by_id" time="0.094" /><testcase classname="backend.tests.test_pcs_v2" name="test_entries_get_404" time="0.065" /><testcase classname="backend.tests.test_pcs_v2" name="test_entries_create_no_auth_401" time="0.044" /><testcase classname="backend.tests.test_pcs_v2" name="test_entries_update_no_auth_401" time="0.089" /><testcase classname="backend.tests.test_pcs_v2" name="test_entries_delete_no_auth_401" time="0.044" /><testcase classname="backend.tests.test_pcs_v2" name="test_entries_create_invalid_type_400" time="0.051" /><testcase classname="backend.tests.test_pcs_v2.TestEntryLifecycle" name="test_01_create" time="0.094" /><testcase classname="backend.tests.test_pcs_v2.TestEntryLifecycle" name="test_02_update" time="0.094" /><testcase classname="backend.tests.test_pcs_v2.TestEntryLifecycle" name="test_03_update_404" time="0.046" /><testcase classname="backend.tests.test_pcs_v2.TestEntryLifecycle" name="test_04_delete" time="0.092" /><testcase classname="backend.tests.test_pcs_v2" name="test_teachers_list_seeded" time="0.047" /><testcase classname="backend.tests.test_pcs_v2" name="test_teacher_get_by_id" time="0.090" /><testcase classname="backend.tests.test_pcs_v2" name="test_teacher_get_404" time="0.045" /><testcase classname="backend.tests.test_pcs_v2" name="test_teachers_create_no_auth_401" time="0.044" /><testcase classname="backend.tests.test_pcs_v2" name="test_teachers_update_no_auth_401" time="0.090" /><testcase classname="backend.tests.test_pcs_v2" name="test_teachers_delete_no_auth_401" time="0.054" /><testcase classname="backend.tests.test_pcs_v2.TestTeacherLifecycle" name="test_01_create" time="0.095" /><testcase classname="backend.tests.test_pcs_v2.TestTeacherLifecycle" name="test_02_update" time="0.095" /><testcase classname="backend.tests.test_pcs_v2.TestTeacherLifecycle" name="test_03_update_404" time="0.047" /><testcase classname="backend.tests.test_pcs_v2.TestTeacherLifecycle" name="test_04_delete" time="0.091" /><testcase classname="backend.tests.test_pcs_v2" name="test_regression_events_still_works" time="0.050" /><testcase classname="backend.tests.test_pcs_v2" name="test_regression_auth_me" time="0.051" /></testsuite></testsuites>